<?xml version="1.0" encoding="UTF-8"?>
<!-- Generated by org.testng.reporters.JUnitReportReporter -->
<testsuite hostname="Deshmukh" failures="0" tests="1" name="com.rushi.test.NewTest" time="13.145" errors="0" timestamp="03 Mar 2019 15:41:19 GMT" skipped="0">
  <testcase classname="com.rushi.test.NewTest" name="function" time="13.145"/>
</testsuite> <!-- com.rushi.test.NewTest -->
